app/build/intermediates/manifest_merge_blame_file/debug/manifest-merger-blame-debug-report.txt
1<?xml version="1.0" encoding="utf-8"?>
2<manifest xmlns:android="http://schemas.android.com/apk/res/android"
3    package="com.example.google_maps"
4    android:versionCode="1"
5    android:versionName="1.0" >
6
7    <uses-sdk
8        android:minSdkVersion="21"
9        android:targetSdkVersion="31" />
10    <!--
11         The ACCESS_COARSE/FINE_LOCATION permissions are not required to use
12         Google Maps Android API v2, but you must specify either coarse or fine
13         location permissions for the "MyLocation" functionality.
14    -->
15    <uses-permission android:name="android.permission.ACCESS_FINE_LOCATION" />
15-->src\main\AndroidManifest.xml:20:5-79
15-->src\main\AndroidManifest.xml:20:22-76
16    <uses-permission android:name="android.permission.INTERNET" />
16-->src\main\AndroidManifest.xml:6:5-67
16-->src\main\AndroidManifest.xml:6:22-64
17    <uses-permission android:name="android.permission.WRITE_EXTERNAL_STORAGE" />
17-->src\main\AndroidManifest.xml:7:5-9:40
17-->src\main\AndroidManifest.xml:8:9-65
18    <uses-permission android:name="android.permission.ACCESS_NETWORK_STATE" />
18-->src\main\AndroidManifest.xml:10:5-79
18-->src\main\AndroidManifest.xml:10:22-76
19    <uses-permission android:name="com.google.android.providers.gsf.permission.READ_GSERVICES" />
19-->src\main\AndroidManifest.xml:11:5-98
19-->src\main\AndroidManifest.xml:11:22-95
20    <uses-permission android:name="android.permission.ACCESS_COARSE_LOCATION" />
20-->src\main\AndroidManifest.xml:12:5-81
20-->src\main\AndroidManifest.xml:12:22-78
21    <uses-permission android:name="android.permission.READ_PHONE_STATE" />
21-->src\main\AndroidManifest.xml:13:5-75
21-->src\main\AndroidManifest.xml:13:22-72
22    <uses-permission android:name="android.permission.READ_EXTERNAL_STORAGE" />
22-->src\main\AndroidManifest.xml:14:5-80
22-->src\main\AndroidManifest.xml:14:22-77
23    <uses-permission android:name="com.android.vending.BILLING" />
23-->src\main\AndroidManifest.xml:15:5-67
23-->src\main\AndroidManifest.xml:15:22-64
24    <uses-permission android:name="android.permission.RECEIVE_BOOT_COMPLETED" />
24-->src\main\AndroidManifest.xml:16:5-81
24-->src\main\AndroidManifest.xml:16:22-78
25    <uses-permission android:name="android.permission.RECORD_AUDIO" />
25-->src\main\AndroidManifest.xml:17:5-71
25-->src\main\AndroidManifest.xml:17:22-68
26    <uses-permission android:name="android.permission.MODIFY_AUDIO_SETTINGS" />
26-->src\main\AndroidManifest.xml:18:5-80
26-->src\main\AndroidManifest.xml:18:22-77
27    <uses-permission android:name="android.permission.USE_BIOMETRIC" />
27-->src\main\AndroidManifest.xml:19:5-72
27-->src\main\AndroidManifest.xml:19:22-69
28    <uses-permission android:name="com.google.android.gms.permission.AD_ID" /> <!-- Android package visibility setting -->
28-->[com.google.android.gms:play-services-ads-lite:20.5.0] AndroidManifest.xml:25:5-79
28-->[com.google.android.gms:play-services-ads-lite:20.5.0] AndroidManifest.xml:25:22-76
29    <queries>
29-->[com.google.android.gms:play-services-ads-lite:20.5.0] AndroidManifest.xml:28:5-44:15
30
31        <!-- For browser content -->
32        <intent>
32-->[com.google.android.gms:play-services-ads-lite:20.5.0] AndroidManifest.xml:31:9-37:18
33            <action android:name="android.intent.action.VIEW" />
33-->[com.google.android.gms:play-services-ads-lite:20.5.0] AndroidManifest.xml:32:13-65
33-->[com.google.android.gms:play-services-ads-lite:20.5.0] AndroidManifest.xml:32:21-62
34
35            <category android:name="android.intent.category.BROWSABLE" />
35-->[com.google.android.gms:play-services-ads-lite:20.5.0] AndroidManifest.xml:34:13-74
35-->[com.google.android.gms:play-services-ads-lite:20.5.0] AndroidManifest.xml:34:23-71
36
37            <data android:scheme="https" />
37-->[com.google.android.gms:play-services-ads-lite:20.5.0] AndroidManifest.xml:36:13-44
37-->[com.google.android.gms:play-services-ads-lite:20.5.0] AndroidManifest.xml:36:19-41
38        </intent>
39        <!-- End of browser content -->
40        <!-- For CustomTabsService -->
41        <intent>
41-->[com.google.android.gms:play-services-ads-lite:20.5.0] AndroidManifest.xml:40:9-42:18
42            <action android:name="android.support.customtabs.action.CustomTabsService" />
42-->[com.google.android.gms:play-services-ads-lite:20.5.0] AndroidManifest.xml:41:13-90
42-->[com.google.android.gms:play-services-ads-lite:20.5.0] AndroidManifest.xml:41:21-87
43        </intent>
44        <!-- End of CustomTabsService -->
45    </queries>
46
47    <uses-permission android:name="android.permission.WAKE_LOCK" />
47-->[androidx.work:work-runtime:2.7.0] AndroidManifest.xml:25:5-68
47-->[androidx.work:work-runtime:2.7.0] AndroidManifest.xml:25:22-65
48    <uses-permission android:name="android.permission.FOREGROUND_SERVICE" /> <!-- Maps API needs OpenGL ES 2.0. -->
48-->[androidx.work:work-runtime:2.7.0] AndroidManifest.xml:28:5-77
48-->[androidx.work:work-runtime:2.7.0] AndroidManifest.xml:28:22-74
49    <uses-feature
49-->[com.google.android.libraries.maps:maps:3.1.0-beta] AndroidManifest.xml:15:3-17:30
50        android:glEsVersion="0x00020000"
50-->[com.google.android.libraries.maps:maps:3.1.0-beta] AndroidManifest.xml:16:5-37
51        android:required="true" />
51-->[com.google.android.libraries.maps:maps:3.1.0-beta] AndroidManifest.xml:17:5-28
52
53    <application
53-->src\main\AndroidManifest.xml:22:5-226:19
54        android:allowBackup="true"
54-->src\main\AndroidManifest.xml:23:9-35
55        android:appComponentFactory="androidx.core.app.CoreComponentFactory"
55-->[androidx.core:core:1.7.0] AndroidManifest.xml:24:18-86
56        android:debuggable="true"
57        android:icon="@mipmap/ic_launcher"
57-->src\main\AndroidManifest.xml:24:9-43
58        android:label="@string/app_name"
58-->src\main\AndroidManifest.xml:25:9-41
59        android:roundIcon="@mipmap/ic_launcher_round"
59-->src\main\AndroidManifest.xml:26:9-54
60        android:supportsRtl="true"
60-->src\main\AndroidManifest.xml:27:9-35
61        android:testOnly="true"
62        android:theme="@style/Theme.Google_Maps" >
62-->src\main\AndroidManifest.xml:28:9-49
63
64        <!--
65             The API key for Google Maps-based APIs is defined as a string resource.
66             (See the file "res/values/google_maps_api.xml").
67             Note that the API key is linked to the encryption key used to sign the APK.
68             You need a different API key for each encryption key, including the release key that is used to
69             sign the APK for publishing.
70             You can define the keys for the debug and release targets in src/debug/ and src/release/.
71        -->
72        <meta-data
72-->src\main\AndroidManifest.xml:200:9-202:55
73            android:name="com.google.android.geo.API_KEY"
73-->src\main\AndroidManifest.xml:201:13-58
74            android:value="@string/google_maps_key" />
74-->src\main\AndroidManifest.xml:202:13-52
75
76        <activity
76-->src\debug\AndroidManifest.xml:21:9-23:70
77            android:name="com.example.google_maps.XML_Google_Maps"
77-->src\debug\AndroidManifest.xml:21:19-73
78            android:exported="false"
78-->src\debug\AndroidManifest.xml:22:13-37
79            android:label="@string/title_activity_xml_google_maps" />
79-->src\debug\AndroidManifest.xml:23:13-67
80        <activity
80-->src\main\AndroidManifest.xml:29:9-33:68
81            android:name="com.example.google_maps.NotificationAct"
81-->src\main\AndroidManifest.xml:30:13-44
82            android:exported="true"
82-->src\main\AndroidManifest.xml:31:13-36
83            android:label="@string/title_activity_notification"
83-->src\main\AndroidManifest.xml:32:13-64
84            android:theme="@style/Theme.Google_Maps.NoActionBar" />
84-->src\main\AndroidManifest.xml:33:13-65
85        <activity
85-->src\main\AndroidManifest.xml:34:9-38:68
86            android:name="com.example.google_maps.SwipeRefresh"
86-->src\main\AndroidManifest.xml:35:13-41
87            android:exported="true"
87-->src\main\AndroidManifest.xml:36:13-36
88            android:label="@string/title_activity_swipe_refresh"
88-->src\main\AndroidManifest.xml:37:13-65
89            android:theme="@style/Theme.Google_Maps.NoActionBar" />
89-->src\main\AndroidManifest.xml:38:13-65
90        <activity
90-->src\main\AndroidManifest.xml:39:9-43:68
91            android:name="com.example.google_maps.BarCodeAct"
91-->src\main\AndroidManifest.xml:40:13-39
92            android:exported="true"
92-->src\main\AndroidManifest.xml:41:13-36
93            android:label="@string/title_activity_bar_code"
93-->src\main\AndroidManifest.xml:42:13-60
94            android:theme="@style/Theme.Google_Maps.NoActionBar" />
94-->src\main\AndroidManifest.xml:43:13-65
95        <activity
95-->src\main\AndroidManifest.xml:44:9-48:68
96            android:name="com.example.google_maps.VerticalHorizontalScroll"
96-->src\main\AndroidManifest.xml:45:13-53
97            android:exported="true"
97-->src\main\AndroidManifest.xml:46:13-36
98            android:label="@string/title_activity_vertical_horizontal_scroll"
98-->src\main\AndroidManifest.xml:47:13-78
99            android:theme="@style/Theme.Google_Maps.NoActionBar" />
99-->src\main\AndroidManifest.xml:48:13-65
100        <activity
100-->src\main\AndroidManifest.xml:49:9-53:68
101            android:name="com.example.google_maps.ScrollToTopBottomAct"
101-->src\main\AndroidManifest.xml:50:13-49
102            android:exported="true"
102-->src\main\AndroidManifest.xml:51:13-36
103            android:label="@string/title_activity_scroll_to_top_bottom"
103-->src\main\AndroidManifest.xml:52:13-72
104            android:theme="@style/Theme.Google_Maps.NoActionBar" />
104-->src\main\AndroidManifest.xml:53:13-65
105        <activity
105-->src\main\AndroidManifest.xml:54:9-58:68
106            android:name="com.example.google_maps.GoogleNotesBottomBarAct"
106-->src\main\AndroidManifest.xml:55:13-52
107            android:exported="true"
107-->src\main\AndroidManifest.xml:56:13-36
108            android:label="@string/title_activity_google_notes_bottom_bar"
108-->src\main\AndroidManifest.xml:57:13-75
109            android:theme="@style/Theme.Google_Maps.NoActionBar" />
109-->src\main\AndroidManifest.xml:58:13-65
110        <activity
110-->src\main\AndroidManifest.xml:59:9-63:68
111            android:name="com.example.google_maps.DaggerAct"
111-->src\main\AndroidManifest.xml:60:13-38
112            android:exported="false"
112-->src\main\AndroidManifest.xml:61:13-37
113            android:label="@string/title_activity_dagger"
113-->src\main\AndroidManifest.xml:62:13-58
114            android:theme="@style/Theme.Google_Maps.NoActionBar" />
114-->src\main\AndroidManifest.xml:63:13-65
115        <activity
115-->src\main\AndroidManifest.xml:64:9-68:68
116            android:name="com.example.google_maps.Navigation"
116-->src\main\AndroidManifest.xml:65:13-39
117            android:exported="true"
117-->src\main\AndroidManifest.xml:66:13-36
118            android:label="@string/title_activity_nvigation"
118-->src\main\AndroidManifest.xml:67:13-61
119            android:theme="@style/Theme.Google_Maps.NoActionBar" />
119-->src\main\AndroidManifest.xml:68:13-65
120        <activity
120-->src\main\AndroidManifest.xml:69:9-73:68
121            android:name="com.example.google_maps.NavigationDrawer"
121-->src\main\AndroidManifest.xml:70:13-45
122            android:exported="true"
122-->src\main\AndroidManifest.xml:71:13-36
123            android:label="@string/title_activity_navigation_drawer"
123-->src\main\AndroidManifest.xml:72:13-69
124            android:theme="@style/Theme.Google_Maps.NoActionBar" />
124-->src\main\AndroidManifest.xml:73:13-65
125        <activity
125-->src\main\AndroidManifest.xml:74:9-78:68
126            android:name="com.example.google_maps.NavigationDrawerCustom"
126-->src\main\AndroidManifest.xml:75:13-51
127            android:exported="true"
127-->src\main\AndroidManifest.xml:76:13-36
128            android:label="@string/title_activity_navigation_drawer"
128-->src\main\AndroidManifest.xml:77:13-69
129            android:theme="@style/Theme.Google_Maps.NoActionBar" />
129-->src\main\AndroidManifest.xml:78:13-65
130        <activity
130-->src\main\AndroidManifest.xml:79:9-83:68
131            android:name="com.example.google_maps.WebView"
131-->src\main\AndroidManifest.xml:80:13-36
132            android:exported="true"
132-->src\main\AndroidManifest.xml:81:13-36
133            android:label="@string/title_activity_web_view"
133-->src\main\AndroidManifest.xml:82:13-60
134            android:theme="@style/Theme.Google_Maps.NoActionBar" />
134-->src\main\AndroidManifest.xml:83:13-65
135        <activity
135-->src\main\AndroidManifest.xml:84:9-88:68
136            android:name="com.example.google_maps.LazyVerticalGrid"
136-->src\main\AndroidManifest.xml:85:13-45
137            android:exported="true"
137-->src\main\AndroidManifest.xml:86:13-36
138            android:label="@string/title_activity_lazy_vertical_grid"
138-->src\main\AndroidManifest.xml:87:13-70
139            android:theme="@style/Theme.Google_Maps.NoActionBar" />
139-->src\main\AndroidManifest.xml:88:13-65
140        <activity
140-->src\main\AndroidManifest.xml:89:9-93:68
141            android:name="com.example.google_maps.SwipeComposeReveal"
141-->src\main\AndroidManifest.xml:90:13-47
142            android:exported="true"
142-->src\main\AndroidManifest.xml:91:13-36
143            android:label="@string/title_activity_swipe_compose"
143-->src\main\AndroidManifest.xml:92:13-65
144            android:theme="@style/Theme.Google_Maps.NoActionBar" />
144-->src\main\AndroidManifest.xml:93:13-65
145        <activity
145-->src\main\AndroidManifest.xml:94:9-98:68
146            android:name="com.example.google_maps.Swipe"
146-->src\main\AndroidManifest.xml:95:13-34
147            android:exported="true"
147-->src\main\AndroidManifest.xml:96:13-36
148            android:label="@string/title_activity_swipe"
148-->src\main\AndroidManifest.xml:97:13-57
149            android:theme="@style/Theme.Google_Maps.NoActionBar" />
149-->src\main\AndroidManifest.xml:98:13-65
150        <activity
150-->src\main\AndroidManifest.xml:99:9-103:68
151            android:name="com.example.google_maps.ListItemAct"
151-->src\main\AndroidManifest.xml:100:13-40
152            android:exported="true"
152-->src\main\AndroidManifest.xml:101:13-36
153            android:label="@string/title_activity_list_item"
153-->src\main\AndroidManifest.xml:102:13-61
154            android:theme="@style/Theme.Google_Maps.NoActionBar" />
154-->src\main\AndroidManifest.xml:103:13-65
155        <activity
155-->src\main\AndroidManifest.xml:104:9-108:68
156            android:name="com.example.google_maps.TimeAct"
156-->src\main\AndroidManifest.xml:105:13-36
157            android:exported="true"
157-->src\main\AndroidManifest.xml:106:13-36
158            android:label="@string/title_activity_time"
158-->src\main\AndroidManifest.xml:107:13-56
159            android:theme="@style/Theme.Google_Maps.NoActionBar" />
159-->src\main\AndroidManifest.xml:108:13-65
160        <activity
160-->src\main\AndroidManifest.xml:109:9-113:68
161            android:name="com.example.google_maps.AssistantAct"
161-->src\main\AndroidManifest.xml:110:13-41
162            android:exported="true"
162-->src\main\AndroidManifest.xml:111:13-36
163            android:label="@string/title_activity_assistant"
163-->src\main\AndroidManifest.xml:112:13-61
164            android:theme="@style/Theme.Google_Maps.NoActionBar" />
164-->src\main\AndroidManifest.xml:113:13-65
165        <activity
165-->src\main\AndroidManifest.xml:114:9-118:68
166            android:name="com.example.google_maps.GoogleButton"
166-->src\main\AndroidManifest.xml:115:13-41
167            android:exported="true"
167-->src\main\AndroidManifest.xml:116:13-36
168            android:label="@string/title_activity_google_button"
168-->src\main\AndroidManifest.xml:117:13-65
169            android:theme="@style/Theme.Google_Maps.NoActionBar" />
169-->src\main\AndroidManifest.xml:118:13-65
170        <activity
170-->src\main\AndroidManifest.xml:119:9-123:68
171            android:name="com.example.google_maps.TimePickers"
171-->src\main\AndroidManifest.xml:120:13-40
172            android:exported="true"
172-->src\main\AndroidManifest.xml:121:13-36
173            android:label="@string/title_activity_time_pickers"
173-->src\main\AndroidManifest.xml:122:13-64
174            android:theme="@style/Theme.Google_Maps.NoActionBar" />
174-->src\main\AndroidManifest.xml:123:13-65
175        <activity
175-->src\main\AndroidManifest.xml:124:9-128:68
176            android:name="com.example.google_maps.ShimmerAct"
176-->src\main\AndroidManifest.xml:125:13-39
177            android:exported="true"
177-->src\main\AndroidManifest.xml:126:13-36
178            android:label="@string/title_activity_shimmer"
178-->src\main\AndroidManifest.xml:127:13-59
179            android:theme="@style/Theme.Google_Maps.NoActionBar" />
179-->src\main\AndroidManifest.xml:128:13-65
180        <activity
180-->src\main\AndroidManifest.xml:129:9-133:68
181            android:name="com.example.google_maps.ExpandableCardAct"
181-->src\main\AndroidManifest.xml:130:13-46
182            android:exported="true"
182-->src\main\AndroidManifest.xml:131:13-36
183            android:label="@string/title_activity_expandable_card"
183-->src\main\AndroidManifest.xml:132:13-67
184            android:theme="@style/Theme.Google_Maps.NoActionBar" />
184-->src\main\AndroidManifest.xml:133:13-65
185        <activity
185-->src\main\AndroidManifest.xml:134:9-138:68
186            android:name="com.example.google_maps.SqlRoomAct"
186-->src\main\AndroidManifest.xml:135:13-39
187            android:exported="false"
187-->src\main\AndroidManifest.xml:136:13-37
188            android:label="@string/title_activity_sql_room"
188-->src\main\AndroidManifest.xml:137:13-60
189            android:theme="@style/Theme.Google_Maps.NoActionBar" />
189-->src\main\AndroidManifest.xml:138:13-65
190        <activity
190-->src\main\AndroidManifest.xml:139:9-143:68
191            android:name="com.example.google_maps.MoreDetails"
191-->src\main\AndroidManifest.xml:140:13-40
192            android:exported="true"
192-->src\main\AndroidManifest.xml:141:13-36
193            android:label="@string/title_activity_more_details"
193-->src\main\AndroidManifest.xml:142:13-64
194            android:theme="@style/Theme.Google_Maps.NoActionBar" />
194-->src\main\AndroidManifest.xml:143:13-65
195        <activity
195-->src\main\AndroidManifest.xml:144:9-148:68
196            android:name="com.example.google_maps.ApiAct"
196-->src\main\AndroidManifest.xml:145:13-35
197            android:exported="true"
197-->src\main\AndroidManifest.xml:146:13-36
198            android:label="@string/title_activity_api"
198-->src\main\AndroidManifest.xml:147:13-55
199            android:theme="@style/Theme.Google_Maps.NoActionBar" />
199-->src\main\AndroidManifest.xml:148:13-65
200        <activity
200-->src\main\AndroidManifest.xml:149:9-153:68
201            android:name="com.example.google_maps.VideoAct"
201-->src\main\AndroidManifest.xml:150:13-37
202            android:exported="true"
202-->src\main\AndroidManifest.xml:151:13-36
203            android:label="@string/title_activity_video"
203-->src\main\AndroidManifest.xml:152:13-57
204            android:theme="@style/Theme.Google_Maps.NoActionBar" />
204-->src\main\AndroidManifest.xml:153:13-65
205        <activity
205-->src\main\AndroidManifest.xml:154:9-158:68
206            android:name="com.example.google_maps.Authentication"
206-->src\main\AndroidManifest.xml:155:13-43
207            android:exported="true"
207-->src\main\AndroidManifest.xml:156:13-36
208            android:label="@string/title_activity_authentication"
208-->src\main\AndroidManifest.xml:157:13-66
209            android:theme="@style/Theme.Google_Maps.NoActionBar" />
209-->src\main\AndroidManifest.xml:158:13-65
210        <activity
210-->src\main\AndroidManifest.xml:159:9-163:68
211            android:name="com.example.google_maps.PagerAct"
211-->src\main\AndroidManifest.xml:160:13-37
212            android:exported="true"
212-->src\main\AndroidManifest.xml:161:13-36
213            android:label="@string/title_activity_pager"
213-->src\main\AndroidManifest.xml:162:13-57
214            android:theme="@style/Theme.Google_Maps.NoActionBar" />
214-->src\main\AndroidManifest.xml:163:13-65
215        <activity
215-->src\main\AndroidManifest.xml:164:9-168:68
216            android:name="com.example.google_maps.AnimatedAct"
216-->src\main\AndroidManifest.xml:165:13-40
217            android:exported="true"
217-->src\main\AndroidManifest.xml:166:13-36
218            android:label="@string/title_activity_animated"
218-->src\main\AndroidManifest.xml:167:13-60
219            android:theme="@style/Theme.Google_Maps.NoActionBar" />
219-->src\main\AndroidManifest.xml:168:13-65
220        <activity
220-->src\main\AndroidManifest.xml:169:9-173:68
221            android:name="com.example.google_maps.TabAct"
221-->src\main\AndroidManifest.xml:170:13-35
222            android:exported="true"
222-->src\main\AndroidManifest.xml:171:13-36
223            android:label="@string/title_activity_tab"
223-->src\main\AndroidManifest.xml:172:13-55
224            android:theme="@style/Theme.Google_Maps.NoActionBar" />
224-->src\main\AndroidManifest.xml:173:13-65
225        <activity
225-->src\main\AndroidManifest.xml:174:9-178:68
226            android:name="com.example.google_maps.AdMobCompose"
226-->src\main\AndroidManifest.xml:175:13-41
227            android:exported="false"
227-->src\main\AndroidManifest.xml:176:13-37
228            android:label="@string/title_activity_ad_mob_compose"
228-->src\main\AndroidManifest.xml:177:13-66
229            android:theme="@style/Theme.Google_Maps.NoActionBar" />
229-->src\main\AndroidManifest.xml:178:13-65
230        <activity
230-->src\main\AndroidManifest.xml:179:9-183:68
231            android:name="com.example.google_maps.ButtonNavigationView"
231-->src\main\AndroidManifest.xml:180:13-49
232            android:exported="false"
232-->src\main\AndroidManifest.xml:181:13-37
233            android:label="@string/title_activity_intent_button_navigation_view"
233-->src\main\AndroidManifest.xml:182:13-81
234            android:theme="@style/Theme.Google_Maps.NoActionBar" />
234-->src\main\AndroidManifest.xml:183:13-65
235        <activity
235-->src\main\AndroidManifest.xml:184:9-188:68
236            android:name="com.example.google_maps.SearchView"
236-->src\main\AndroidManifest.xml:185:13-39
237            android:exported="false"
237-->src\main\AndroidManifest.xml:186:13-37
238            android:label="@string/title_activity_search_view"
238-->src\main\AndroidManifest.xml:187:13-63
239            android:theme="@style/Theme.Google_Maps.NoActionBar" />
239-->src\main\AndroidManifest.xml:188:13-65
240        <activity
240-->src\main\AndroidManifest.xml:189:9-193:68
241            android:name="com.example.google_maps.Gradient"
241-->src\main\AndroidManifest.xml:190:13-37
242            android:exported="false"
242-->src\main\AndroidManifest.xml:191:13-37
243            android:label="@string/title_activity_gradient"
243-->src\main\AndroidManifest.xml:192:13-60
244            android:theme="@style/Theme.Google_Maps.NoActionBar" />
244-->src\main\AndroidManifest.xml:193:13-65
245        <activity
245-->src\main\AndroidManifest.xml:194:9-198:68
246            android:name="com.example.google_maps.RecuclerView"
246-->src\main\AndroidManifest.xml:195:13-41
247            android:exported="false"
247-->src\main\AndroidManifest.xml:196:13-37
248            android:label="@string/title_activity_recucler_view"
248-->src\main\AndroidManifest.xml:197:13-65
249            android:theme="@style/Theme.Google_Maps.NoActionBar" />
249-->src\main\AndroidManifest.xml:198:13-65
250
251        <meta-data
251-->src\main\AndroidManifest.xml:203:9-205:70
252            android:name="com.google.android.gms.ads.APPLICATION_ID"
252-->src\main\AndroidManifest.xml:204:13-69
253            android:value="ca-app-pub-3940256099942544~3347511713" />
253-->src\main\AndroidManifest.xml:205:13-67
254
255        <activity
255-->src\main\AndroidManifest.xml:207:9-209:40
256            android:name="com.example.google_maps.XMLMaps"
256-->src\main\AndroidManifest.xml:208:13-36
257            android:exported="false" />
257-->src\main\AndroidManifest.xml:209:13-37
258        <activity
258-->src\main\AndroidManifest.xml:210:9-214:68
259            android:name="com.example.google_maps.ComposeMaps"
259-->src\main\AndroidManifest.xml:211:13-40
260            android:exported="false"
260-->src\main\AndroidManifest.xml:212:13-37
261            android:label="@string/title_activity_compose_maps"
261-->src\main\AndroidManifest.xml:213:13-64
262            android:theme="@style/Theme.Google_Maps.NoActionBar" />
262-->src\main\AndroidManifest.xml:214:13-65
263        <activity
263-->src\main\AndroidManifest.xml:215:9-225:20
264            android:name="com.example.google_maps.MainActivity"
264-->src\main\AndroidManifest.xml:216:13-41
265            android:exported="true"
265-->src\main\AndroidManifest.xml:217:13-36
266            android:label="@string/app_name"
266-->src\main\AndroidManifest.xml:218:13-45
267            android:theme="@style/Theme.Google_Maps.NoActionBar" >
267-->src\main\AndroidManifest.xml:219:13-65
268            <intent-filter>
268-->src\main\AndroidManifest.xml:220:13-224:29
269                <action android:name="android.intent.action.MAIN" />
269-->src\main\AndroidManifest.xml:221:17-69
269-->src\main\AndroidManifest.xml:221:25-66
270
271                <category android:name="android.intent.category.LAUNCHER" />
271-->src\main\AndroidManifest.xml:223:17-77
271-->src\main\AndroidManifest.xml:223:27-74
272            </intent-filter>
273        </activity>
274        <activity
274-->[androidx.compose.ui:ui-tooling:1.0.5] AndroidManifest.xml:25:9-27:39
275            android:name="androidx.compose.ui.tooling.PreviewActivity"
275-->[androidx.compose.ui:ui-tooling:1.0.5] AndroidManifest.xml:26:13-71
276            android:exported="true" /> <!-- Include the AdActivity and InAppPurchaseActivity configChanges and themes. -->
276-->[androidx.compose.ui:ui-tooling:1.0.5] AndroidManifest.xml:27:13-36
277        <activity
277-->[com.google.android.gms:play-services-ads-lite:20.5.0] AndroidManifest.xml:49:9-53:64
278            android:name="com.google.android.gms.ads.AdActivity"
278-->[com.google.android.gms:play-services-ads-lite:20.5.0] AndroidManifest.xml:50:13-65
279            android:configChanges="keyboard|keyboardHidden|orientation|screenLayout|uiMode|screenSize|smallestScreenSize"
279-->[com.google.android.gms:play-services-ads-lite:20.5.0] AndroidManifest.xml:51:13-122
280            android:exported="false"
280-->[com.google.android.gms:play-services-ads-lite:20.5.0] AndroidManifest.xml:52:13-37
281            android:theme="@android:style/Theme.Translucent" />
281-->[com.google.android.gms:play-services-ads-lite:20.5.0] AndroidManifest.xml:53:13-61
282
283        <provider
283-->[com.google.android.gms:play-services-ads-lite:20.5.0] AndroidManifest.xml:55:9-59:39
284            android:name="com.google.android.gms.ads.MobileAdsInitProvider"
284-->[com.google.android.gms:play-services-ads-lite:20.5.0] AndroidManifest.xml:56:13-76
285            android:authorities="com.example.google_maps.mobileadsinitprovider"
285-->[com.google.android.gms:play-services-ads-lite:20.5.0] AndroidManifest.xml:57:13-73
286            android:exported="false"
286-->[com.google.android.gms:play-services-ads-lite:20.5.0] AndroidManifest.xml:58:13-37
287            android:initOrder="100" />
287-->[com.google.android.gms:play-services-ads-lite:20.5.0] AndroidManifest.xml:59:13-36
288
289        <service
289-->[com.google.android.gms:play-services-ads-lite:20.5.0] AndroidManifest.xml:61:9-64:40
290            android:name="com.google.android.gms.ads.AdService"
290-->[com.google.android.gms:play-services-ads-lite:20.5.0] AndroidManifest.xml:62:13-64
291            android:enabled="true"
291-->[com.google.android.gms:play-services-ads-lite:20.5.0] AndroidManifest.xml:63:13-35
292            android:exported="false" />
292-->[com.google.android.gms:play-services-ads-lite:20.5.0] AndroidManifest.xml:64:13-37
293
294        <provider
294-->[androidx.work:work-runtime:2.7.0] AndroidManifest.xml:31:9-39:20
295            android:name="androidx.startup.InitializationProvider"
295-->[androidx.work:work-runtime:2.7.0] AndroidManifest.xml:32:13-67
296            android:authorities="com.example.google_maps.androidx-startup"
296-->[androidx.work:work-runtime:2.7.0] AndroidManifest.xml:33:13-68
297            android:exported="false" >
297-->[androidx.work:work-runtime:2.7.0] AndroidManifest.xml:34:13-37
298            <meta-data
298-->[androidx.work:work-runtime:2.7.0] AndroidManifest.xml:36:13-38:52
299                android:name="androidx.work.WorkManagerInitializer"
299-->[androidx.work:work-runtime:2.7.0] AndroidManifest.xml:37:17-68
300                android:value="androidx.startup" />
300-->[androidx.work:work-runtime:2.7.0] AndroidManifest.xml:38:17-49
301            <meta-data
301-->[androidx.profileinstaller:profileinstaller:1.0.4] AndroidManifest.xml:31:13-33:52
302                android:name="androidx.profileinstaller.ProfileInstallerInitializer"
302-->[androidx.profileinstaller:profileinstaller:1.0.4] AndroidManifest.xml:32:17-85
303                android:value="androidx.startup" />
303-->[androidx.profileinstaller:profileinstaller:1.0.4] AndroidManifest.xml:33:17-49
304        </provider>
305
306        <service
306-->[androidx.work:work-runtime:2.7.0] AndroidManifest.xml:41:9-46:35
307            android:name="androidx.work.impl.background.systemalarm.SystemAlarmService"